1743565979|Zmole Cristian|A|/LICENSE
1743565979|Zmole Cristian|A|/README.md
1743569029|ZmoleCristian|A|/.gitignore
1743569029|ZmoleCristian|M|/README.md
1743569326|ZmoleCristian|A|/Cargo.toml
1743569326|ZmoleCristian|A|/Catalyst.toml
1743569326|ZmoleCristian|A|/Rocket.toml
1743569326|ZmoleCristian|A|/diesel.toml
1743569326|ZmoleCristian|A|/rustfmt.toml
1743569326|ZmoleCristian|A|/src/assets/locale/en.json
1743569326|ZmoleCristian|A|/src/assets/sass/components/_badges.scss
1743569326|ZmoleCristian|A|/src/assets/sass/components/_buttons.scss
1743569326|ZmoleCristian|A|/src/assets/sass/components/_cards.scss
1743569326|ZmoleCristian|A|/src/assets/sass/components/_carousel.scss
1743569326|ZmoleCristian|A|/src/assets/sass/components/_chips.scss
1743569326|ZmoleCristian|A|/src/assets/sass/components/_collapsible.scss
1743569326|ZmoleCristian|A|/src/assets/sass/components/_color-variables.scss
1743569326|ZmoleCristian|A|/src/assets/sass/components/_contrast.scss
1743569326|ZmoleCristian|A|/src/assets/sass/components/_custom.scss
1743569326|ZmoleCristian|A|/src/assets/sass/components/_datepicker.scss
1743569326|ZmoleCristian|A|/src/assets/sass/components/_dropdown.scss
1743569326|ZmoleCristian|A|/src/assets/sass/components/_earthly.scss
1743569326|ZmoleCristian|A|/src/assets/sass/components/_forest.scss
1743569326|ZmoleCristian|A|/src/assets/sass/components/_global.scss
1743569326|ZmoleCristian|A|/src/assets/sass/components/_grid.scss
1743569326|ZmoleCristian|A|/src/assets/sass/components/_iconav.scss
1743569326|ZmoleCristian|A|/src/assets/sass/components/_icons-material-design.scss
1743569326|ZmoleCristian|A|/src/assets/sass/components/_light.scss
1743569326|ZmoleCristian|A|/src/assets/sass/components/_materialbox.scss
1743569326|ZmoleCristian|A|/src/assets/sass/components/_midnight.scss
1743569326|ZmoleCristian|A|/src/assets/sass/components/_modal.scss
1743569326|ZmoleCristian|A|/src/assets/sass/components/_navbar.scss
1743569326|ZmoleCristian|A|/src/assets/sass/components/_normalize.scss
1743569326|ZmoleCristian|A|/src/assets/sass/components/_pastel.scss
1743569326|ZmoleCristian|A|/src/assets/sass/components/_preloader.scss
1743569326|ZmoleCristian|A|/src/assets/sass/components/_pulse.scss
1743569326|ZmoleCristian|A|/src/assets/sass/components/_retro.scss
1743569326|ZmoleCristian|A|/src/assets/sass/components/_sepia.scss
1743569326|ZmoleCristian|A|/src/assets/sass/components/_sidenav.scss
1743569326|ZmoleCristian|A|/src/assets/sass/components/_slider.scss
1743569326|ZmoleCristian|A|/src/assets/sass/components/_solarized.scss
1743569326|ZmoleCristian|A|/src/assets/sass/components/_table_of_contents.scss
1743569326|ZmoleCristian|A|/src/assets/sass/components/_tabs.scss
1743569326|ZmoleCristian|A|/src/assets/sass/components/_tapTarget.scss
1743569326|ZmoleCristian|A|/src/assets/sass/components/_timepicker.scss
1743569326|ZmoleCristian|A|/src/assets/sass/components/_toast.scss
1743569326|ZmoleCristian|A|/src/assets/sass/components/_tooltip.scss
1743569326|ZmoleCristian|A|/src/assets/sass/components/_transitions.scss
1743569326|ZmoleCristian|A|/src/assets/sass/components/_typography.scss
1743569326|ZmoleCristian|A|/src/assets/sass/components/_urban.scss
1743569326|ZmoleCristian|A|/src/assets/sass/components/_variables.scss
1743569326|ZmoleCristian|A|/src/assets/sass/components/_warm.scss
1743569326|ZmoleCristian|A|/src/assets/sass/components/_waves.scss
1743569326|ZmoleCristian|A|/src/assets/sass/components/_winter.scss
1743569326|ZmoleCristian|A|/src/assets/sass/components/forms/_checkboxes.scss
1743569326|ZmoleCristian|A|/src/assets/sass/components/forms/_file-input.scss
1743569326|ZmoleCristian|A|/src/assets/sass/components/forms/_forms.scss
1743569326|ZmoleCristian|A|/src/assets/sass/components/forms/_input-fields.scss
1743569326|ZmoleCristian|A|/src/assets/sass/components/forms/_radio-buttons.scss
1743569326|ZmoleCristian|A|/src/assets/sass/components/forms/_range.scss
1743569326|ZmoleCristian|A|/src/assets/sass/components/forms/_select.scss
1743569326|ZmoleCristian|A|/src/assets/sass/components/forms/_switches.scss
1743569326|ZmoleCristian|A|/src/assets/sass/dark.scss
1743569326|ZmoleCristian|A|/src/assets/sass/light.scss
1743569326|ZmoleCristian|A|/src/assets/sass/midnight.scss
1743569326|ZmoleCristian|A|/src/assets/sass/sepia.scss
1743569326|ZmoleCristian|A|/src/database/db.rs
1743569326|ZmoleCristian|A|/src/database/migrations/00000000000000_diesel_initial_setup/down.sql
1743569326|ZmoleCristian|A|/src/database/migrations/00000000000000_diesel_initial_setup/up.sql
1743569326|ZmoleCristian|A|/src/database/migrations/00000000000001_cronjob_setup/down.sql
1743569326|ZmoleCristian|A|/src/database/migrations/00000000000001_cronjob_setup/up.sql
1743569326|ZmoleCristian|A|/src/database/migrations/2024-01-01-000010_create_users/down.sql
1743569326|ZmoleCristian|A|/src/database/migrations/2024-01-01-000010_create_users/up.sql
1743569326|ZmoleCristian|A|/src/database/mod.rs
1743569326|ZmoleCristian|A|/src/database/schema.rs
1743569326|ZmoleCristian|A|/src/database/seeds/002_add_admin.sql
1743569326|ZmoleCristian|A|/src/lib.rs
1743569326|ZmoleCristian|A|/src/main.rs
1743569326|ZmoleCristian|A|/src/middleware/app_context.rs
1743569326|ZmoleCristian|A|/src/middleware/cache.rs
1743569326|ZmoleCristian|A|/src/middleware/catchers.rs
1743569326|ZmoleCristian|A|/src/middleware/compress.rs
1743569326|ZmoleCristian|A|/src/middleware/guards.rs
1743569326|ZmoleCristian|A|/src/middleware/jwt.rs
1743569326|ZmoleCristian|A|/src/middleware/mod.rs
1743569326|ZmoleCristian|A|/src/models/auth/mod.rs
1743569326|ZmoleCristian|A|/src/models/auth/users.rs
1743569326|ZmoleCristian|A|/src/models/custom/mod.rs
1743569326|ZmoleCristian|A|/src/models/generated/mod.rs
1743569326|ZmoleCristian|A|/src/models/mod.rs
1743569326|ZmoleCristian|A|/src/routes/mod.rs
1743569326|ZmoleCristian|A|/src/routes/private/admin.rs
1743569326|ZmoleCristian|A|/src/routes/private/api.rs
1743569326|ZmoleCristian|A|/src/routes/private/mod.rs
1743569326|ZmoleCristian|A|/src/routes/private/user.rs
1743569326|ZmoleCristian|A|/src/routes/public/auth.rs
1743569326|ZmoleCristian|A|/src/routes/public/home.rs
1743569326|ZmoleCristian|A|/src/routes/public/mod.rs
1743569326|ZmoleCristian|A|/src/services/builders/list.rs
1743569326|ZmoleCristian|A|/src/services/builders/mod.rs
1743569326|ZmoleCristian|A|/src/services/builders/select.rs
1743569326|ZmoleCristian|A|/src/services/builders/table.rs
1743569326|ZmoleCristian|A|/src/services/default/cronjobs.rs
1743569326|ZmoleCristian|A|/src/services/default/logger.rs
1743569326|ZmoleCristian|A|/src/services/default/mod.rs
1743569326|ZmoleCristian|A|/src/services/default/storage.rs
1743569326|ZmoleCristian|A|/src/services/mod.rs
1743569326|ZmoleCristian|A|/src/services/sparks/mod.rs
1743569326|ZmoleCristian|A|/src/structs/auth/mod.rs
1743569326|ZmoleCristian|A|/src/structs/auth/users.rs
1743569326|ZmoleCristian|A|/src/structs/custom/mod.rs
1743569326|ZmoleCristian|A|/src/structs/generated/insertable/mod.rs
1743569326|ZmoleCristian|A|/src/structs/generated/mod.rs
1743569326|ZmoleCristian|A|/src/structs/mod.rs
1743569326|ZmoleCristian|A|/storage/blast/refresh_server_info.sh
1743569326|ZmoleCristian|A|/templates/admin/index.html.tera
1743569326|ZmoleCristian|A|/templates/auth/login.html.tera
1743569326|ZmoleCristian|A|/templates/auth/register.html.tera
1743569326|ZmoleCristian|A|/templates/index.html.tera
1743569326|ZmoleCristian|A|/templates/oops/index.html.tera
1743569326|ZmoleCristian|A|/templates/partials/footer.tera
1743569326|ZmoleCristian|A|/templates/partials/header.tera
1743569326|ZmoleCristian|A|/templates/partials/navbar.tera
1743569326|ZmoleCristian|A|/templates/user/index.html.tera
1743570154|ZmoleCristian|M|/README.md
1743570154|ZmoleCristian|A|/src/assets/sass/components/.gitkeep
1743570154|ZmoleCristian|D|/src/assets/sass/components/_badges.scss
1743570154|ZmoleCristian|D|/src/assets/sass/components/_buttons.scss
1743570154|ZmoleCristian|D|/src/assets/sass/components/_cards.scss
1743570154|ZmoleCristian|D|/src/assets/sass/components/_carousel.scss
1743570154|ZmoleCristian|D|/src/assets/sass/components/_chips.scss
1743570154|ZmoleCristian|D|/src/assets/sass/components/_collapsible.scss
1743570154|ZmoleCristian|D|/src/assets/sass/components/_color-variables.scss
1743570154|ZmoleCristian|D|/src/assets/sass/components/_contrast.scss
1743570154|ZmoleCristian|D|/src/assets/sass/components/_custom.scss
1743570154|ZmoleCristian|D|/src/assets/sass/components/_datepicker.scss
1743570154|ZmoleCristian|D|/src/assets/sass/components/_dropdown.scss
1743570154|ZmoleCristian|D|/src/assets/sass/components/_earthly.scss
1743570154|ZmoleCristian|D|/src/assets/sass/components/_forest.scss
1743570154|ZmoleCristian|D|/src/assets/sass/components/_global.scss
1743570154|ZmoleCristian|D|/src/assets/sass/components/_grid.scss
1743570154|ZmoleCristian|D|/src/assets/sass/components/_iconav.scss
1743570154|ZmoleCristian|D|/src/assets/sass/components/_icons-material-design.scss
1743570154|ZmoleCristian|D|/src/assets/sass/components/_light.scss
1743570154|ZmoleCristian|D|/src/assets/sass/components/_materialbox.scss
1743570154|ZmoleCristian|D|/src/assets/sass/components/_midnight.scss
1743570154|ZmoleCristian|D|/src/assets/sass/components/_modal.scss
1743570154|ZmoleCristian|D|/src/assets/sass/components/_navbar.scss
1743570154|ZmoleCristian|D|/src/assets/sass/components/_normalize.scss
1743570154|ZmoleCristian|D|/src/assets/sass/components/_pastel.scss
1743570154|ZmoleCristian|D|/src/assets/sass/components/_preloader.scss
1743570154|ZmoleCristian|D|/src/assets/sass/components/_pulse.scss
1743570154|ZmoleCristian|D|/src/assets/sass/components/_retro.scss
1743570154|ZmoleCristian|D|/src/assets/sass/components/_sepia.scss
1743570154|ZmoleCristian|D|/src/assets/sass/components/_sidenav.scss
1743570154|ZmoleCristian|D|/src/assets/sass/components/_slider.scss
1743570154|ZmoleCristian|D|/src/assets/sass/components/_solarized.scss
1743570154|ZmoleCristian|D|/src/assets/sass/components/_table_of_contents.scss
1743570154|ZmoleCristian|D|/src/assets/sass/components/_tabs.scss
1743570154|ZmoleCristian|D|/src/assets/sass/components/_tapTarget.scss
1743570154|ZmoleCristian|D|/src/assets/sass/components/_timepicker.scss
1743570154|ZmoleCristian|D|/src/assets/sass/components/_toast.scss
1743570154|ZmoleCristian|D|/src/assets/sass/components/_tooltip.scss
1743570154|ZmoleCristian|D|/src/assets/sass/components/_transitions.scss
1743570154|ZmoleCristian|D|/src/assets/sass/components/_typography.scss
1743570154|ZmoleCristian|D|/src/assets/sass/components/_urban.scss
1743570154|ZmoleCristian|D|/src/assets/sass/components/_variables.scss
1743570154|ZmoleCristian|D|/src/assets/sass/components/_warm.scss
1743570154|ZmoleCristian|D|/src/assets/sass/components/_waves.scss
1743570154|ZmoleCristian|D|/src/assets/sass/components/_winter.scss
1743570154|ZmoleCristian|A|/src/assets/sass/components/forms/.gitkeep
1743570154|ZmoleCristian|D|/src/assets/sass/components/forms/_checkboxes.scss
1743570154|ZmoleCristian|D|/src/assets/sass/components/forms/_file-input.scss
1743570154|ZmoleCristian|D|/src/assets/sass/components/forms/_forms.scss
1743570154|ZmoleCristian|D|/src/assets/sass/components/forms/_input-fields.scss
1743570154|ZmoleCristian|D|/src/assets/sass/components/forms/_radio-buttons.scss
1743570154|ZmoleCristian|D|/src/assets/sass/components/forms/_range.scss
1743570154|ZmoleCristian|D|/src/assets/sass/components/forms/_select.scss
1743570154|ZmoleCristian|D|/src/assets/sass/components/forms/_switches.scss
1743571297|ZmoleCristian|M|/Catalyst.toml
1743580144|ZmoleCristian|M|/src/assets/sass/dark.scss
1743580144|ZmoleCristian|D|/src/assets/sass/light.scss
1743580144|ZmoleCristian|D|/src/assets/sass/midnight.scss
1743580144|ZmoleCristian|D|/src/assets/sass/sepia.scss
1743593703|ZmoleCristian|M|/Catalyst.toml
1743601429|ZmoleCristian|M|/Cargo.toml
1743602633|ZmoleCristian|D|/src/assets/sass/components/.gitkeep
1743602633|ZmoleCristian|D|/src/assets/sass/components/forms/.gitkeep
1743602633|ZmoleCristian|M|/src/assets/sass/dark.scss
1743604408|ZmoleCristian|M|/Cargo.toml
1743604566|ZmoleCristian|M|/Cargo.toml
1743604650|ZmoleCristian|M|/Cargo.toml
1743704188|ZmoleCristian|M|/Cargo.toml
1743704188|ZmoleCristian|M|/README.md
1743704188|ZmoleCristian|M|/Rocket.toml
1743707440|ZmoleCristian|M|/README.md
1743708664|ZmoleCristian|M|/Catalyst.toml
1743738617|ZmoleCristian|M|/src/services/sparks/mod.rs
1743738617|ZmoleCristian|A|/src/services/sparks/registry.rs
1743738785|ZmoleCristian|A|/build.rs
1743740210|ZmoleCristian|M|/src/main.rs
1743742824|ZmoleCristian|M|/src/main.rs
1743743733|ZmoleCristian|M|/Catalyst.toml
1743749015|ZmoleCristian|M|/build.rs
1743752743|ZmoleCristian|M|/Cargo.toml
1743752743|ZmoleCristian|M|/src/services/sparks/registry.rs
1743755744|ZmoleCristian|M|/src/services/sparks/registry.rs
1743756185|ZmoleCristian|M|/src/services/sparks/registry.rs
1743756799|ZmoleCristian|M|/src/services/sparks/registry.rs
1743760480|ZmoleCristian|M|/Catalyst.toml
1743766129|ZmoleCristian|M|/src/services/sparks/registry.rs
1743886842|ZmoleCristian|M|/Catalyst.toml
1743886842|ZmoleCristian|D|/build.rs
1743886842|ZmoleCristian|M|/src/services/sparks/registry.rs
1743887198|ZmoleCristian|A|/src/services/sparks/makeuse.rs
1743887198|ZmoleCristian|M|/src/services/sparks/mod.rs
1743887805|ZmoleCristian|A|/src/bootstrap.rs
1743887805|ZmoleCristian|M|/src/main.rs
1743888078|ZmoleCristian|M|/templates/partials/footer.tera
1743888078|ZmoleCristian|M|/templates/partials/header.tera
1743888575|ZmoleCristian|M|/src/middleware/app_context.rs
1744070552|Zmole Cristian|A|/.env.example
1744080114|Zmole Cristian|A|/storage/blast/dashboard.kdl
1744089786|ZmoleCristian|M|/.env.example
1744089786|ZmoleCristian|A|/storage/blast/blast_log.sh
1744089786|ZmoleCristian|M|/storage/blast/dashboard.kdl
1744089786|ZmoleCristian|A|/storage/blast/monitor_log.sh
1744089786|ZmoleCristian|D|/storage/blast/refresh_server_info.sh
1744330064|gandrei|M|/templates/index.html.tera
1744462035|ZmoleCristian|M|/.gitignore
1744462035|ZmoleCristian|M|/src/database/db.rs
1744462035|ZmoleCristian|A|/src/database/migrations/2024-01-02-000001_create_api_keys/down.sql
1744462035|ZmoleCristian|A|/src/database/migrations/2024-01-02-000001_create_api_keys/up.sql
1744462035|ZmoleCristian|A|/src/database/migrations/2024-01-02-000002_create_api_key_logs/down.sql
1744462035|ZmoleCristian|A|/src/database/migrations/2024-01-02-000002_create_api_key_logs/up.sql
1744462035|ZmoleCristian|A|/src/database/migrations/2024-01-02-000003_create_posts/down.sql
1744462035|ZmoleCristian|A|/src/database/migrations/2024-01-02-000003_create_posts/up.sql
1744462035|ZmoleCristian|A|/src/database/seeds/001_add_users.sql
1744462035|ZmoleCristian|D|/src/database/seeds/002_add_admin.sql
1744462035|ZmoleCristian|A|/src/database/seeds/005_add_api_keys.sql
1744462035|ZmoleCristian|A|/src/database/seeds/007_add_posts.sql
1744462035|ZmoleCristian|A|/src/database/seeds/010_add_api_key_logs.sql
1744462035|ZmoleCristian|M|/src/lib.rs
1744462035|ZmoleCristian|M|/src/main.rs
1744462035|ZmoleCristian|A|/src/meltdown.rs
1744462035|ZmoleCristian|M|/src/middleware/app_context.rs
1744462035|ZmoleCristian|M|/src/middleware/catchers.rs
1744462035|ZmoleCristian|M|/src/middleware/guards.rs
1744462035|ZmoleCristian|A|/src/middleware/htmx.rs
1744462035|ZmoleCristian|M|/src/middleware/jwt.rs
1744462035|ZmoleCristian|M|/src/middleware/mod.rs
1744462035|ZmoleCristian|M|/src/models/auth/users.rs
1744462035|ZmoleCristian|M|/src/models/generated/mod.rs
1744462035|ZmoleCristian|A|/src/routes/admin.rs
1744462035|ZmoleCristian|A|/src/routes/api/admin_partials.rs
1744462035|ZmoleCristian|A|/src/routes/api/mod.rs
1744462035|ZmoleCristian|A|/src/routes/api/user_partials.rs
1744462035|ZmoleCristian|A|/src/routes/api/v1.rs
1744462035|ZmoleCristian|A|/src/routes/home.rs
1744462035|ZmoleCristian|M|/src/routes/mod.rs
1744462035|ZmoleCristian|D|/src/routes/private/admin.rs
1744462035|ZmoleCristian|D|/src/routes/private/api.rs
1744462035|ZmoleCristian|D|/src/routes/private/mod.rs
1744462035|ZmoleCristian|D|/src/routes/private/user.rs
1744462035|ZmoleCristian|D|/src/routes/public/auth.rs
1744462035|ZmoleCristian|D|/src/routes/public/home.rs
1744462035|ZmoleCristian|D|/src/routes/public/mod.rs
1744462035|ZmoleCristian|A|/src/routes/route_group.rs
1744462035|ZmoleCristian|A|/src/routes/user.rs
1744462035|ZmoleCristian|A|/src/services/context/api_key_context.rs
1744462035|ZmoleCristian|A|/src/services/context/api_logs_context.rs
1744462035|ZmoleCristian|A|/src/services/context/mod.rs
1744462035|ZmoleCristian|M|/src/services/default/logger.rs
1744462035|ZmoleCristian|M|/src/services/mod.rs
1744462035|ZmoleCristian|M|/src/services/sparks/makeuse.rs
1744462035|ZmoleCristian|M|/src/services/sparks/registry.rs
1744462035|ZmoleCristian|M|/src/structs/auth/users.rs
1744462035|ZmoleCristian|M|/src/structs/custom/mod.rs
1744462035|ZmoleCristian|M|/src/structs/generated/insertable/mod.rs
1744462930|ZmoleCristian|M|/src/services/context/api_key_context.rs
1744463922|ZmoleCristian|M|/src/services/context/api_logs_context.rs
1744478848|ZmoleCristian|M|/src/main.rs
1744478848|ZmoleCristian|A|/src/middleware/api_logger.rs
1744478848|ZmoleCristian|M|/src/middleware/guards.rs
1744478848|ZmoleCristian|M|/src/middleware/mod.rs
1744478848|ZmoleCristian|A|/src/models/auth/api.rs
1744478848|ZmoleCristian|M|/src/models/auth/mod.rs
1744479641|ZmoleCristian|M|/src/database/db.rs
1744479641|ZmoleCristian|M|/src/middleware/app_context.rs
1744479641|ZmoleCristian|M|/src/middleware/catchers.rs
1744479641|ZmoleCristian|M|/src/routes/home.rs
1744479641|ZmoleCristian|M|/src/routes/route_group.rs
1744479641|ZmoleCristian|M|/src/services/default/logger.rs
1744479641|ZmoleCristian|M|/src/services/default/storage.rs
1744479641|ZmoleCristian|M|/src/services/sparks/registry.rs
1744480436|ZmoleCristian|M|/src/main.rs
1744481304|ZmoleCristian|M|/templates/auth/login.html.tera
1744481304|ZmoleCristian|M|/templates/auth/register.html.tera
1744560602|ZmoleCristian|M|/Cargo.toml
1744560602|ZmoleCristian|M|/src/bootstrap.rs
1744560602|ZmoleCristian|M|/src/database/db.rs
1744570623|ZmoleCristian|M|/src/services/default/cronjobs.rs
1744570623|ZmoleCristian|M|/src/services/default/logger.rs
1744570623|ZmoleCristian|M|/storage/blast/dashboard.kdl
1744570866|ZmoleCristian|A|/src/assets/css/index.css
1744570866|ZmoleCristian|A|/src/assets/js/app.js
1744685331|Slendi|M|/templates/auth/register.html.tera
1744837221|ZmoleCristian|M|/src/database/migrations/2024-01-02-000002_create_api_key_logs/down.sql
1744837221|ZmoleCristian|M|/src/database/migrations/2024-01-02-000002_create_api_key_logs/up.sql
1744837221|ZmoleCristian|M|/src/database/schema.rs
1744837221|ZmoleCristian|M|/src/middleware/api_logger.rs
1744837221|ZmoleCristian|M|/src/models/auth/api.rs
1744837221|ZmoleCristian|M|/src/services/context/api_logs_context.rs
1744837221|ZmoleCristian|A|/src/structs/auth/api.rs
1744837221|ZmoleCristian|M|/src/structs/auth/mod.rs
1744844391|ZmoleCristian|M|/Catalyst.toml
1744844391|ZmoleCristian|M|/src/database/seeds/010_add_api_key_logs.sql
1744844391|ZmoleCristian|M|/src/middleware/api_logger.rs
1744844391|ZmoleCristian|M|/src/models/auth/api.rs
1744844391|ZmoleCristian|M|/src/services/context/api_key_context.rs
1744844391|ZmoleCristian|M|/src/services/context/api_logs_context.rs
1744844391|ZmoleCristian|M|/src/structs/auth/api.rs
1744844453|ZmoleCristian|M|/Catalyst.toml
1744914206|ZmoleCristian|M|/src/main.rs
1744914206|ZmoleCristian|A|/src/middleware/enforcer.rs
1744914206|ZmoleCristian|M|/src/middleware/mod.rs
1744914206|ZmoleCristian|M|/src/models/auth/users.rs
1744914206|ZmoleCristian|M|/src/routes/mod.rs
1744914206|ZmoleCristian|D|/src/routes/route_group.rs
1744951097|klauss777|M|/src/middleware/catchers.rs
1744951097|klauss777|M|/storage/blast/blast_log.sh
1744951097|klauss777|M|/storage/blast/dashboard.kdl
1745007468|ZmoleCristian|M|/src/middleware/jwt.rs
1745007468|ZmoleCristian|M|/src/routes/home.rs
1745007468|ZmoleCristian|M|/src/structs/auth/users.rs
1745012972|ZmoleCristian|M|/src/services/default/logger.rs
1745812378|ZmoleCristian|M|/src/main.rs
1745865204|ZmoleCristian|M|/src/middleware/htmx.rs
1745879149|ZmoleCristian|M|/src/main.rs
1745964945|ZmoleCristian|M|/Cargo.toml
1745964945|ZmoleCristian|M|/src/bootstrap.rs
1745964945|ZmoleCristian|M|/src/database/db.rs
1745964945|ZmoleCristian|M|/src/main.rs
1745964945|ZmoleCristian|M|/src/models/auth/api.rs
1745964945|ZmoleCristian|M|/src/models/auth/users.rs
1745964945|ZmoleCristian|M|/src/services/default/cronjobs.rs
1745966906|ZmoleCristian|M|/src/bootstrap.rs
1745966906|ZmoleCristian|M|/src/database/db.rs
1745966906|ZmoleCristian|M|/src/database/schema.rs
1745966906|ZmoleCristian|M|/src/main.rs
1745966906|ZmoleCristian|M|/src/middleware/guards.rs
1745966906|ZmoleCristian|M|/src/middleware/jwt.rs
1745966906|ZmoleCristian|M|/src/models/auth/api.rs
1745966906|ZmoleCristian|M|/src/routes/mod.rs
1745966906|ZmoleCristian|A|/src/routes/route_group.rs
1745966906|ZmoleCristian|M|/src/services/default/cronjobs.rs
1745966906|ZmoleCristian|M|/src/services/default/logger.rs
1745966906|ZmoleCristian|M|/src/services/default/storage.rs
1745966906|ZmoleCristian|M|/src/services/sparks/makeuse.rs
1745966906|ZmoleCristian|M|/src/structs/auth/mod.rs
1745966906|ZmoleCristian|M|/src/structs/auth/users.rs
1745969343|ZmoleCristian|M|/src/main.rs
1745969574|ZmoleCristian|M|/src/routes/mod.rs
1745969574|ZmoleCristian|D|/src/routes/route_group.rs
