--- Blast log initialized ---

--- New Blast Session: 2025-05-10 17:37:06 ---


--- Blast Dashboard Started: 2025-05-10 17:37:06 ---
Project: catalyst
Environment: dev
-------------------------------------------

--- New Blast Session: 2025-05-10 17:37:06 ---

--- New Blast Session: 2025-05-10 17:37:06 ---
[2025-05-10 17:37:07] [SUCCESS] Development server started with PID: 22086

--- New Blast Session: 2025-05-10 17:44:30 ---


--- Blast Dashboard Started: 2025-05-10 17:44:30 ---
Project: catalyst
Environment: dev
-------------------------------------------

--- New Blast Session: 2025-05-10 17:44:30 ---

--- New Blast Session: 2025-05-10 17:44:31 ---
[2025-05-10 17:44:32] [SUCCESS] Updated Rocket.toml with development configuration
[2025-05-10 17:44:32] [SUCCESS] Development server started with PID: 26247
[2025-05-10 17:45:20] [INFO] Stopping running server...
[2025-05-10 17:45:20] [SUCCESS] Server stopped successfully
